<?xml version="1.0" encoding="UTF-8" ?>
<testsuite errors="0" failures="0" hostname="Notebook" name="antique.SigninValidatorTest" skipped="0" tests="9" time="0.16" timestamp="2014-07-03T09:32:30">
  <properties>
[...]
</properties>
  <testcase classname="antique.SigninValidatorTest" name="testUsernameEmptyValidator" time="0.052" />
  <testcase classname="antique.SigninValidatorTest" name="testEmailValidator" time="0.001" />
  <testcase classname="antique.SigninValidatorTest" name="testEmailEmptyValidator" time="0.0" />
  <testcase classname="antique.SigninValidatorTest" name="testPhoneShortValidator" time="0.001" />
  <testcase classname="antique.SigninValidatorTest" name="testPhoneNullValidator" time="0.0" />
  <testcase classname="antique.SigninValidatorTest" name="testSuccessValidator" time="0.001" />
  <testcase classname="antique.SigninValidatorTest" name="testUsernameLengthValidator" time="0.003" />
  <testcase classname="antique.SigninValidatorTest" name="testAddressEmptyValidator" time="0.001" />
  <testcase classname="antique.SigninValidatorTest" name="testPasswordShortValidator" time="0.0" />
  <system-out><![CDATA[]]></system-out>
  <system-err><![CDATA[]]></system-err>
</testsuite>
